$completionDateTime
[1] "2017-04-12 09:02:43 PDT"

$executionTime
Time difference of 2.947278 mins

$sessionInfo
R version 3.3.3 (2017-03-06)
Platform: x86_64-w64-mingw32/x64 (64-bit)
Running under: Windows 7 x64 (build 7601) Service Pack 1

locale:
[1] LC_COLLATE=English_United States.1252 
[2] LC_CTYPE=English_United States.1252   
[3] LC_MONETARY=English_United States.1252
[4] LC_NUMERIC=C                          
[5] LC_TIME=English_United States.1252    

attached base packages:
[1] methods   stats     graphics  grDevices utils     datasets  base     

other attached packages:
 [1] simr_1.0.2        lme4_1.1-12       Matrix_1.2-8      pwr_1.2-1        
 [5] svglite_1.2.0     ggplot2_2.2.1     dplyr_0.5.0       magrittr_1.5     
 [9] rmarkdown_1.4     knitr_1.15.1      checkpoint_0.3.16

loaded via a namespace (and not attached):
 [1] Rcpp_0.12.10       highr_0.6          nloptr_1.0.4       plyr_1.8.4        
 [5] iterators_1.0.8    tools_3.3.3        digest_0.6.12      evaluate_0.10     
 [9] tibble_1.2         gtable_0.2.0       nlme_3.1-131       lattice_0.20-35   
[13] mgcv_1.8-17        DBI_0.6            parallel_3.3.3     SparseM_1.76      
[17] stringr_1.2.0      MatrixModels_0.4-1 gdtools_0.1.4      rprojroot_1.2     
[21] grid_3.3.3         nnet_7.3-12        R6_2.2.0           plotrix_3.6-4     
[25] RLRsim_3.1-3       binom_1.1-1        minqa_1.2.4        car_2.1-4         
[29] backports_1.0.5    scales_0.4.1       htmltools_0.3.5    splines_3.3.3     
[33] MASS_7.3-45        pbkrtest_0.4-7     assertthat_0.1     colorspace_1.3-2  
[37] quantreg_5.29      stringi_1.1.3      lazyeval_0.2.0     munsell_0.4.3     

